-------------------------------------------------------------
Log for "RepositoryName"
-------------------------------------------------------------
#versionNumber    date/time   user
description
-------------------------------------------------------------
fileName1
  changes

fileName2
  changes

fileName3
  changes

etc
-------------------------------------------------------------
#versionNumber    date/time   user
description
-------------------------------------------------------------
fileName1
  changes

fileName2
  changes

fileName3
  changes

etc
-------------------------------------------------------------
